==138785== Memcheck, a memory error detector
==138785== Copyright (C) 2002-2017, and GNU GPL'd, by Julian Seward et al.
==138785== Using Valgrind-3.15.0 and LibVEX; rerun with -h for copyright info
==138785== Command: ./a.out
==138785== 
==138785== 
==138785== HEAP SUMMARY:
==138785==     in use at exit: 1,312 bytes in 7 blocks
==138785==   total heap usage: 15 allocs, 8 frees, 75,756 bytes allocated
==138785== 
==138785== LEAK SUMMARY:
==138785==    definitely lost: 0 bytes in 0 blocks
==138785==    indirectly lost: 0 bytes in 0 blocks
==138785==      possibly lost: 0 bytes in 0 blocks
==138785==    still reachable: 1,312 bytes in 7 blocks
==138785==         suppressed: 0 bytes in 0 blocks
==138785== Reachable blocks (those to which a pointer was found) are not shown.
==138785== To see them, rerun with: --leak-check=full --show-leak-kinds=all
==138785== 
==138785== For lists of detected and suppressed errors, rerun with: -s
==138785== ERROR SUMMARY: 0 errors from 0 contexts (suppressed: 0 from 0)
